
  ___  ____  ____  ____  ____ ®
 /__    /   ____/   /   ____/      StataNow 19.5
___/   /   /___/   /   /___/       MP—Parallel Edition

 Statistics and Data Science       Copyright 1985-2025 StataCorp LLC
                                   StataCorp
                                   4905 Lakeway Drive
                                   College Station, Texas 77845 USA
                                   800-782-8272        https://www.stata.com
                                   979-696-4600        service@stata.com

Stata license: 4-user 2-core network, expiring 12 Sep 2026
Serial number: 501909317505
  Licensed to: Alessandro Gasparini
               Red Door Analytics AB

Notes:
      1. Stata is running in batch mode.
      2. Unicode is supported; see help unicode_advice.
      3. More than 2 billion observations are allowed; see help obs_advice.
      4. Maximum number of variables is set to 5,000 but can be increased;
          see help set_maxvar.

. do "assert-data2Lsim.do" 

. //
. set linesize 255

. clear all

. // clear all is enough to 'refresh' in the same session
. // -stdmest-
. local drive = "~/Stata-dev"

. cd "`drive'/stdmest"
/Users/alessandro.gasparini/Stata-dev/stdmest

. adopath ++ "stdmest"
  [1]              "stdmest"
  [2]  (BASE)      "/Applications/StataNow/ado/base/"
  [3]  (SITE)      "/Applications/StataNow/ado/site/"
  [4]              "."
  [5]  (PERSONAL)  "/Users/alessandro.gasparini/Documents/Stata/ado/personal/"
  [6]  (PLUS)      "/Users/alessandro.gasparini/Library/Application Support/Stata/ado/plus/"
  [7]  (OLDPLACE)  "~/ado/"

. adopath ++ "stdmestm"
  [1]              "stdmestm"
  [2]              "stdmest"
  [3]  (BASE)      "/Applications/StataNow/ado/base/"
  [4]  (SITE)      "/Applications/StataNow/ado/site/"
  [5]              "."
  [6]  (PERSONAL)  "/Users/alessandro.gasparini/Documents/Stata/ado/personal/"
  [7]  (PLUS)      "/Users/alessandro.gasparini/Library/Application Support/Stata/ado/plus/"
  [8]  (OLDPLACE)  "~/ado/"

. clear all

. do ./build/buildmlib.do

. clear all

. local drive = "~/Stata-dev"

. cd "`drive'/stdmest"
/Users/alessandro.gasparini/Stata-dev/stdmest

. clear all

. // Mata
. capture erase lstdmest.mlib

. quietly {

. 
end of do-file

. mata mata clear

. 
. // data2Lsim
. clear all

. use "data/data2Lsim", clear

. 
. // mestreg exponential model
. 
. mestreg c.X1 || cluster:, dist(exponential) nohr

        Failure _d: status==1
  Analysis time _t: time

Fitting fixed-effects model:

Iteration 0:  Log likelihood =  -27163031  
Iteration 1:  Log likelihood = -266226.68  
Iteration 2:  Log likelihood =  -204237.6  
Iteration 3:  Log likelihood = -204088.83  
Iteration 4:  Log likelihood = -204088.69  
Iteration 5:  Log likelihood = -204088.69  

Refining starting values:

Grid node 0:  Log likelihood = -110845.71

Fitting full model:

Iteration 0:  Log likelihood = -110845.71  
Iteration 1:  Log likelihood = -110807.12  
Iteration 2:  Log likelihood = -110777.13  
Iteration 3:  Log likelihood = -110732.14  
Iteration 4:  Log likelihood = -110702.16  
Iteration 5:  Log likelihood = -110681.04  
Iteration 6:  Log likelihood = -110665.77  
Iteration 7:  Log likelihood = -110654.58  
Iteration 8:  Log likelihood = -110646.37  
Iteration 9:  Log likelihood = -110640.37  
Iteration 10: Log likelihood = -110632.73  
Iteration 11: Log likelihood = -110629.05  
Iteration 12: Log likelihood = -110627.44  
Iteration 13: Log likelihood = -110626.55  
Iteration 14: Log likelihood = -110626.52  
Iteration 15: Log likelihood = -110626.52  

Mixed-effects exponential PH regression         Number of obs     =     90,000
Group variable: cluster                         Number of groups  =        300

                                                Obs per group:
                                                              min =        300
                                                              avg =      300.0
                                                              max =        300

Integration method: mvaghermite                 Integration pts.  =          7

                                                Wald chi2(1)      =    5490.19
Log likelihood = -110626.52                     Prob > chi2       =     0.0000
------------------------------------------------------------------------------
          _t | Coefficient  Std. err.      z    P>|z|     [95% conf. interval]
-------------+----------------------------------------------------------------
          X1 |  -.4956912   .0066899   -74.10   0.000    -.5088031   -.4825793
       _cons |   .0288104   .0840111     0.34   0.732    -.1358484    .1934692
-------------+----------------------------------------------------------------
cluster      |
   var(_cons)|   2.113091   .1727567                       1.80023    2.480325
------------------------------------------------------------------------------
LR test vs. exponential model: chibar2(01) = 1.9e+05  Prob >= chibar2 = 0.0000

. 
. // Mixed-effects exponential PH regression         Number of obs     =     90,000
. // Group variable: cluster                         Number of groups  =        300
. //
. //                                                 Obs per group:
. //                                                               min =        300
. //                                                               avg =      300.0
. //                                                               max =        300
. //
. // Integration method: mvaghermite                 Integration pts.  =          7
. //
. //                                                 Wald chi2(1)      =    5490.19
. // Log likelihood = -110626.52                     Prob > chi2       =     0.0000
. // ------------------------------------------------------------------------------
. //           _t | Coefficient  Std. err.      z    P>|z|     [95% conf. interval]
. // -------------+----------------------------------------------------------------
. //           X1 |  -.4956912   .0066899   -74.10   0.000    -.5088031   -.4825793
. //        _cons |   .0288104   .0840111     0.34   0.732    -.1358484    .1934692
. // -------------+----------------------------------------------------------------
. // cluster      |
. //    var(_cons)|   2.113091   .1727567                       1.80023    2.480325
. // ------------------------------------------------------------------------------
. // LR test vs. exponential model: chibar2(01) = 1.9e+05  Prob >= chibar2 = 0.0000
. 
. // timevar
. capture drop tt

. range tt 0 10 11
(89,989 missing values generated)

. 
. //
. capture drop Sa1*

. stdmest Sa1, reat(0) reatse(0) reatref(-2) reatrefse(0) timevar(tt) contrast

. list Sa1* tt if tt != .

       +-----------------------------------------+
       |       Sa1     Sa1_ref     Sa1_diff   tt |
       |-----------------------------------------|
    1. |         1           1            0    0 |
    2. | .44553288   .89425334   -.44872046    1 |
    3. |  .2063259   .80028137   -.59395547    2 |
    4. | .09890216   .71671376    -.6178116    3 |
    5. | .04879053   .64234527   -.59355475    4 |
       |-----------------------------------------|
    6. | .02461962   .57611538   -.55149576    5 |
    7. |  .0126359   .51709042   -.50445452    6 |
    8. | .00656584     .464448   -.45788216    7 |
    9. | .00344167   .41746334   -.41402167    8 |
   10. | .00181505   .37549736   -.37368231    9 |
       |-----------------------------------------|
   11. | .00096122   .33798623   -.33702501   10 |
       +-----------------------------------------+

. 
. //        +-----------------------------------------+
. //        |       Sa1     Sa1_ref     Sa1_diff   tt |
. //        |-----------------------------------------|
. //     1. |         1           1            0    0 |
. //     2. | .44553288   .89425334   -.44872046    1 |
. //     3. |  .2063259   .80028137   -.59395547    2 |
. //     4. | .09890216   .71671376    -.6178116    3 |
. //     5. | .04879053   .64234527   -.59355475    4 |
. //        |-----------------------------------------|
. //     6. | .02461962   .57611538   -.55149576    5 |
. //     7. |  .0126359   .51709042   -.50445452    6 |
. //     8. | .00656584     .464448   -.45788216    7 |
. //     9. | .00344167   .41746334   -.41402167    8 |
. //    10. | .00181505   .37549736   -.37368231    9 |
. //        |-----------------------------------------|
. //    11. | .00096122   .33798623   -.33702501   10 |
. //        +-----------------------------------------+
. 
. 
. * --> Calculate by hand
. tab X1

         X1 |      Freq.     Percent        Cum.
------------+-----------------------------------
          0 |     45,110       50.12       50.12
          1 |     44,890       49.88      100.00
------------+-----------------------------------
      Total |     90,000      100.00

. 
. //          X1 |      Freq.     Percent        Cum.
. // ------------+-----------------------------------
. //           0 |     45,110       50.12       50.12
. //           1 |     44,890       49.88      100.00
. // ------------+-----------------------------------
. //       Total |     90,000      100.00
. 
. // Sa1, for values of t:
. forvalues t = 0(1)10 {
  2.         mkmat Sa1 if tt == `t', matrix(ref)
  3.         matrix test = 0.5012 * exp(-exp(_b[_cons] + 0 * _b[X1] + 0.0) * `t') + 0.4988 * exp(-exp(_b[_cons] + 1 * _b[X1] + 0.0) * `t')
  4.         di mreldif(test, ref)
  5.         assert mreldif(test, ref) < 1e-2
  6. }
0
2.720e-06
2.906e-06
2.161e-06
1.380e-06
8.174e-07
4.644e-07
2.577e-07
1.410e-07
7.650e-08
4.128e-08

. 
. // Sa1_ref, for values of t:
. forvalues t = 0(1)10 {
  2.         mkmat Sa1_ref if tt == `t', matrix(ref)
  3.         matrix test = 0.5012 * exp(-exp(_b[_cons] + 0 * _b[X1] - 2.0) * `t') + 0.4988 * exp(-exp(_b[_cons] + 1 * _b[X1] - 2.0) * `t')
  4.         di mreldif(test, ref)
  5.         assert mreldif(test, ref) < 1e-2
  6. }
0
5.710e-07
1.075e-06
1.512e-06
1.886e-06
2.198e-06
2.453e-06
2.655e-06
2.808e-06
2.916e-06
2.985e-06

. 
. * --> With true model parameters:
. // Sa1, for values of t:
. forvalues t = 0(1)10 {
  2.         mkmat Sa1 if tt == `t', matrix(ref)
  3.         matrix test = 0.5012 * exp(-exp(0.0 + 0 * (-0.5) + 0.0) * `t') + 0.4988 * exp(-exp(0.0 + 1 * (-0.5) + 0.0) * `t')
  4.         di mreldif(test, ref)
  5.         assert mreldif(test, ref) < 1e-2
  6. }
0
.00748071
.0081158
.00628131
.00426457
.0027263
.00169045
.00102999
.00062036
.0003704
.00021956

. 
. // Sa1_ref, for values of t:
. forvalues t = 0(1)10 {
  2.         mkmat Sa1_ref if tt == `t', matrix(ref)
  3.         matrix test = 0.5012 * exp(-exp(0.0 + 0 * (-0.5) - 2.0) * `t') + 0.4988 * exp(-exp(0.0 + 1 * (-0.5) - 2.0) * `t')
  4.         di mreldif(test, ref)
  5.         assert mreldif(test, ref) < 1e-2
  6. }
0
.00158251
.00297093
.0041721
.00519479
.00604934
.00674737
.00730133
.00772422
.0080292
.00822934

. 
end of do-file
