
  ___  ____  ____  ____  ____ ®
 /__    /   ____/   /   ____/      StataNow 18.5
___/   /   /___/   /   /___/       MP—Parallel Edition

 Statistics and Data Science       Copyright 1985-2023 StataCorp LLC
                                   StataCorp
                                   4905 Lakeway Drive
                                   College Station, Texas 77845 USA
                                   800-782-8272        https://www.stata.com
                                   979-696-4600        service@stata.com

Stata license: 3-user 2-core network, expiring 12 Sep 2025
Serial number: 501809300405
  Licensed to: Alessandro Gasparini
               Red Door Analytics AB

Notes:
      1. Stata is running in batch mode.
      2. Unicode is supported; see help unicode_advice.
      3. More than 2 billion observations are allowed; see help obs_advice.
      4. Maximum number of variables is set to 5,000 but can be increased;
          see help set_maxvar.

. do "assert-do.do" 

. cd "~/Stata-dev/stdmest"
/Users/ellessenne/Stata-dev/stdmest

. 
. //
. do cert/assert-mestreg_export.do

. clear all

. cd "~/Stata-dev/stdmest"
/Users/ellessenne/Stata-dev/stdmest

. adopath ++ "mestreg_export"
  [1]              "mestreg_export"
  [2]  (BASE)      "/Applications/Stata/ado/base/"
  [3]  (SITE)      "/Applications/Stata/ado/site/"
  [4]              "."
  [5]  (PERSONAL)  "/Users/ellessenne/Documents/Stata/ado/personal/"
  [6]  (PLUS)      "/Users/ellessenne/Library/Application Support/Stata/ado/plu
> s/"
  [7]  (OLDPLACE)  "~/ado/"

. clear all

. do ./build/buildmlib.do

. capture erase lstdmest.mlib

. quietly {

. 
end of do-file

. mata mata clear

. 
. //
. rcof "mestreg_export, filename(test.xlsx)" == 301

. 
. //
. clear all

. webuse catheter
(Kidney data, McGilchrist and Aisbett, Biometrics, 1991)

. quietly mestreg age female || patient:, distribution(exponential)

. 
. // 
. mestreg_export, filename("test.xlsx")
file test.xlsx saved
file test.xlsx saved

. assert fileexists("test.xlsx") == 1

. 
. //
. rcof "mestreg_export, filename(test.xlsx)" == 602

. 
. //
. mestreg_export, filename("test.xlsx") replace
file test.xlsx saved
file test.xlsx saved

. rcof "mestreg_export, filename(test.xlsx) replace" == 0

. 
. //
. rm "test.xlsx"

. 
end of do-file

. do cert/assert-stdmest.do

. clear all

. cd "~/Stata-dev/stdmest"
/Users/ellessenne/Stata-dev/stdmest

. adopath ++ "stdmest"
  [1]              "stdmest"
  [2]              "mestreg_export"
  [3]  (BASE)      "/Applications/Stata/ado/base/"
  [4]  (SITE)      "/Applications/Stata/ado/site/"
  [5]              "."
  [6]  (PERSONAL)  "/Users/ellessenne/Documents/Stata/ado/personal/"
  [7]  (PLUS)      "/Users/ellessenne/Library/Application Support/Stata/ado/plu
> s/"
  [8]  (OLDPLACE)  "~/ado/"

. clear all

. do ./build/buildmlib.do

. capture erase lstdmest.mlib

. quietly {

. 
end of do-file

. mata mata clear

. 
. //
. rcof "stdmest S0, reat(0.0) reatse(0.0)" == 119

. 
. //
. clear

. webuse catheter
(Kidney data, McGilchrist and Aisbett, Biometrics, 1991)

. rcof "stdmest S0, reat(0.0) reatse(0.0)" == 301

. 
. //
. quietly mestreg age female || patient:, distribution(exponential) time

. rcof "stdmest S0, reat(0.0) reatse(0.0)" == 198

. quietly mestreg age female || patient:, distribution(weibull) time

. rcof "stdmest S0, reat(0.0) reatse(0.0)" == 198

. quietly mestreg age female || patient:, distribution(loglogistic)

. rcof "stdmest S0, reat(0.0) reatse(0.0)" == 198

. quietly mestreg age female || patient:, distribution(lognormal)

. rcof "stdmest S0, reat(0.0) reatse(0.0)" == 198

. quietly mestreg age female || patient:, distribution(gamma)

. rcof "stdmest S0, reat(0.0) reatse(0.0)" == 198

. quietly mestreg age female || patient:, distribution(exponential)

. rcof "stdmest S0, reat(0.0 0.0) reatse(0.0 0.0)" == 198

. 
. // 
. clear

. webuse catheter
(Kidney data, McGilchrist and Aisbett, Biometrics, 1991)

. quietly mestreg age female || patient:, distribution(exponential)

. 
. // 
. stdmest S1, reat(0.0) reatse(0.0) reatref(0.0) reatseref(0.0) contrast
timevar() not specified, _t will be used instead
----+--- 1 ---+--- 2 ---+--- 3 ---+--- 4 ---+--- 5 

. gen S1_exp = 0

. mkmat S1_contrast, matrix(S1_contrast)

. mkmat S1_exp, matrix(S1_exp)

. assert mreldif(S1_contrast, S1_exp) < 1e-16

. drop S1*

. 
. // 
. range tt 0 365 100
Number of observations (_N) was 76, now 100.

. replace tt = . if age < 45
(38 real changes made, 38 to missing)

. stdmest S2 if age >= 45, reat(0.0) reatse(0.0) timevar(tt)
----+--- 1 ---+--- 2 ---+--- 3 ---+--- 4 ---+--- 5 

. mkmat S2, matrix(S2_if) nomissing

. drop if age < 45
(38 observations deleted)

. stdmest S2_2, reat(0.0) reatse(0.0) timevar(tt)
----+--- 1 ---+--- 2 ---+--- 3 ---+--- 4 ---+--- 5 

. mkmat S2_2, matrix(S2_keep) nomissing

. assert mreldif(S2_if, S2_keep) < 1e-16

. drop S2*

. 
. //
. clear

. webuse catheter
(Kidney data, McGilchrist and Aisbett, Biometrics, 1991)

. quietly mestreg age female || patient:, distribution(exponential)

. stdmest S3a, reat(-1.0) reatse(0.0)
timevar() not specified, _t will be used instead
----+--- 1 ---+--- 2 ---+--- 3 ---+--- 4 ---+--- 5 

. stdmest S3b, reat( 0.0) reatse(0.0)
timevar() not specified, _t will be used instead
----+--- 1 ---+--- 2 ---+--- 3 ---+--- 4 ---+--- 5 

. stdmest S3c, reat(+1.0) reatse(0.0)
timevar() not specified, _t will be used instead
----+--- 1 ---+--- 2 ---+--- 3 ---+--- 4 ---+--- 5 

. assert S3a >= S3b 

. assert S3a >= S3c

. assert S3b >= S3c

. drop S3*

. 
. //
. stdmest S4a, reat(-1.0) reatse(0.0) reatref(0.0) reatseref(0.0) contrast
timevar() not specified, _t will be used instead
----+--- 1 ---+--- 2 ---+--- 3 ---+--- 4 ---+--- 5 

. stdmest S4b, reat(+1.0) reatse(0.0) reatref(0.0) reatseref(0.0) contrast
timevar() not specified, _t will be used instead
----+--- 1 ---+--- 2 ---+--- 3 ---+--- 4 ---+--- 5 

. assert S4a_contrast >= 0 

. assert S4b_contrast <= 0 

. drop S4*

. 
. //
. gen t5 = 0

. stdmest S5a, reat(-1.0) reatse(0.0) timevar(t5)
----+--- 1 ---+--- 2 ---+--- 3 ---+--- 4 ---+--- 5 

. stdmest S5b, reat( 0.0) reatse(0.0) timevar(t5)
----+--- 1 ---+--- 2 ---+--- 3 ---+--- 4 ---+--- 5 

. stdmest S5c, reat(+1.0) reatse(0.0) timevar(t5)
----+--- 1 ---+--- 2 ---+--- 3 ---+--- 4 ---+--- 5 

. assert S5a == 1

. assert S5b == 1

. assert S5c == 1

. drop S5* t5

. 
. //
. predict S6a, surv conditional(fixedonly)

. stdmest S6b if _n == 1, reat(0.0) reatse(0.0)
timevar() not specified, _t will be used instead
----+--- 1 ---+--- 2 ---+--- 3 ---+--- 4 ---+--- 5 

. replace S6a = 0 if _n > 1
(75 real changes made)

. replace S6b = 0 if _n > 1
(75 real changes made)

. assert (S6a - S6b) < 1e-6

. drop S6*

. 
. //
. set seed 487

. stdmest S7a, reat(0.0) reatse(0.0) ci reps(10)
timevar() not specified, _t will be used instead
----+--- 1 ---+--- 2 ---+--- 3 ---+--- 4 ---+--- 5 

. set seed 487

. stdmest S7b, reat(0.0) reatse(1.0) ci reps(10)
timevar() not specified, _t will be used instead
----+--- 1 ---+--- 2 ---+--- 3 ---+--- 4 ---+--- 5 

. assert S7a_lower <= S7a

. assert S7a <= S7a_upper

. assert S7b_lower <= S7b

. assert S7b <= S7b_upper

. assert S7b_lower <= S7a_lower

. assert S7a_upper <= S7b_upper

. drop S7*

. 
. // 
. clear all

. webuse jobhistory
(Job history data, Event History Analysis with Stata, Blossfeld et al. 2007)

. gen tt = tend - tstart

. stset tt, fail(failure)

Survival-time data settings

         Failure event: failure!=0 & failure<.
Observed time interval: (0, tt]
     Exit on or before: failure

--------------------------------------------------------------------------
        600  total observations
          0  exclusions
--------------------------------------------------------------------------
        600  observations remaining, representing
        458  failures in single-record/single-failure data
     40,782  total analysis time at risk and under observation
                                                At risk from t =         0
                                     Earliest observed entry t =         0
                                          Last observed exit t =       428

. quietly mestreg education njobs prestige i.female || birthyear: || id:, distr
> ibution(exponential)

. 
. // 
. capture stdmest S8, reat(0.0) reatse(0.0)

. assert _rc > 0

. capture stdmest S8, reat(0.0 0.0 0.0) reatse(0.0 0.0 0.0)

. assert _rc > 0

. 
. // 
. stdmest S9a, reat(-1.0 -1.0) reatse(0.0 0.0)
timevar() not specified, _t will be used instead
----+--- 1 ---+--- 2 ---+--- 3 ---+--- 4 ---+--- 5 

. stdmest S9b, reat(-1.0  0.0) reatse(0.0 0.0)
timevar() not specified, _t will be used instead
----+--- 1 ---+--- 2 ---+--- 3 ---+--- 4 ---+--- 5 

. stdmest S9c, reat( 0.0 -1.0) reatse(0.0 0.0)
timevar() not specified, _t will be used instead
----+--- 1 ---+--- 2 ---+--- 3 ---+--- 4 ---+--- 5 

. assert S9a >= S9b

. assert S9a >= S9c

. drop S9*

. 
. // 
. clear

. webuse catheter
(Kidney data, McGilchrist and Aisbett, Biometrics, 1991)

. quietly mestreg age female || patient:, distribution(exponential)

. summ _t

    Variable |        Obs        Mean    Std. dev.       Min        Max
-------------+---------------------------------------------------------
          _t |         76    97.68421    128.3424          2        562

. // random time variable
. // I *don't* set the seed to incorporate some randomness
. // -> all test below should pass no matter what
. gen tv = runiform(0, `r(mean)')

. summ tv

    Variable |        Obs        Mean    Std. dev.       Min        Max
-------------+---------------------------------------------------------
          tv |         76     45.0321    28.30084   .0769118     96.396

. local rmin = `r(min)'

. local rmean = `r(mean)'

. local rmax = `r(max)'

. stdmest S10a, reat(`rmin') reatse(0.0) timevar(tv)
----+--- 1 ---+--- 2 ---+--- 3 ---+--- 4 ---+--- 5 

. stdmest S10b, reat(`rmean') reatse(0.0) timevar(tv)
----+--- 1 ---+--- 2 ---+--- 3 ---+--- 4 ---+--- 5 

. stdmest S10c, reat(`rmax') reatse(0.0) timevar(tv)
----+--- 1 ---+--- 2 ---+--- 3 ---+--- 4 ---+--- 5 

. assert S10a >= S10b

. assert S10a >= S10c

. assert S10b >= S10c

. drop S10* tv

. 
end of do-file

. do cert/assert-stdmestm.do

. clear all

. cd "~/Stata-dev/stdmest"
/Users/ellessenne/Stata-dev/stdmest

. adopath ++ "stdmest"
  [1]              "stdmest"
  [2]              "mestreg_export"
  [3]  (BASE)      "/Applications/Stata/ado/base/"
  [4]  (SITE)      "/Applications/Stata/ado/site/"
  [5]              "."
  [6]  (PERSONAL)  "/Users/ellessenne/Documents/Stata/ado/personal/"
  [7]  (PLUS)      "/Users/ellessenne/Library/Application Support/Stata/ado/plu
> s/"
  [8]  (OLDPLACE)  "~/ado/"

. adopath ++ "stdmestm"
  [1]              "stdmestm"
  [2]              "stdmest"
  [3]              "mestreg_export"
  [4]  (BASE)      "/Applications/Stata/ado/base/"
  [5]  (SITE)      "/Applications/Stata/ado/site/"
  [6]              "."
  [7]  (PERSONAL)  "/Users/ellessenne/Documents/Stata/ado/personal/"
  [8]  (PLUS)      "/Users/ellessenne/Library/Application Support/Stata/ado/plu
> s/"
  [9]  (OLDPLACE)  "~/ado/"

. clear all

. do ./build/buildmlib.do

. capture erase lstdmest.mlib

. quietly {

. 
end of do-file

. mata mata clear

. 
. //
. rcof "stdmestm" == 119

. 
. //
. webuse jobhistory
(Job history data, Event History Analysis with Stata, Blossfeld et al. 2007)

. gen tt = tend - tstart

. stset tt, fail(failure)

Survival-time data settings

         Failure event: failure!=0 & failure<.
Observed time interval: (0, tt]
     Exit on or before: failure

--------------------------------------------------------------------------
        600  total observations
          0  exclusions
--------------------------------------------------------------------------
        600  observations remaining, representing
        458  failures in single-record/single-failure data
     40,782  total analysis time at risk and under observation
                                                At risk from t =         0
                                     Earliest observed entry t =         0
                                          Last observed exit t =       428

. 
. // random time variable
. // I *don't* set the seed to incorporate some randomness
. // -> all test should pass no matter what
. gen tv = runiform(0, 365)

. replace tv = . if _n > 10
(590 real changes made, 590 to missing)

. rcof "stdmestm" == 301

. 
. //
. quietly mestreg education njobs prestige i.female || birthyear: || id:, distr
> ibution(exponential) time

. rcof "stdmestm S0, reat(0.0) reatse(0.0) varmargname(birthyear>id)" == 198

. quietly mestreg education njobs prestige i.female || birthyear: || id:, distr
> ibution(weibull) time

. rcof "stdmestm S0, reat(0.0) reatse(0.0) varmargname(birthyear>id)" == 198

. quietly mestreg education njobs prestige i.female || birthyear: || id:, distr
> ibution(loglogistic)

. rcof "stdmestm S0, reat(0.0) reatse(0.0) varmargname(birthyear>id)" == 198

. quietly mestreg education njobs prestige i.female || birthyear: || id:, distr
> ibution(lognormal)

. matrix eb = e(b)

. rcof "stdmestm S0, reat(0.0) reatse(0.0) varmargname(birthyear>id)" == 198

. quietly mestreg education njobs prestige i.female || birthyear: || id:, distr
> ibution(gamma) from(eb)

. rcof "stdmestm S0, reat(0.0) reatse(0.0) varmargname(birthyear>id)" == 198

. quietly mestreg education njobs prestige i.female || birthyear: || id:, distr
> ibution(exponential)

. rcof "stdmestm S0, reat(0.0 0.0) reatse(0.0 0.0) varmargname(birthyear>id)" =
> = 198

. 
. //
. quietly mestreg education njobs prestige i.female || id:, distribution(expone
> ntial)

. rcof "stdmestm S0, reat(0.0) reatse(0.0) varmargname(id)" == 198

. 
. //
. quietly mestreg education njobs prestige i.female || birthyear: || id:, distr
> ibution(exponential)

. rcof "stdmestm S0, reat(0.0) reatse(0.0) varmargname(id)" == 198

. rcof "stdmestm S0, reat(0.0) reatse(0.0) varmargname(hey)" == 198

. 
. //
. quietly mestreg education njobs prestige i.female || birthyear: || id:, distr
> ibution(exponential)

. stdmestm S1a, reat(-1.0) reatse(0.0) varmargname(birthyear>id) timevar(tv)
----+--- 1 ---+--- 2 ---+--- 3 ---+--- 4 ---+--- 5 

. stdmestm S1b, reat( 0.0) reatse(0.0) varmargname(birthyear>id) timevar(tv)
----+--- 1 ---+--- 2 ---+--- 3 ---+--- 4 ---+--- 5 

. stdmestm S1c, reat(+1.0) reatse(0.0) varmargname(birthyear>id) timevar(tv)
----+--- 1 ---+--- 2 ---+--- 3 ---+--- 4 ---+--- 5 

. assert S1a >= S1b

. assert S1a >= S1c

. assert S1b >= S1c

. drop S1*

. 
. //
. stdmestm S2a, reat(0.0) reatse(0.0) varmargname(birthyear>id) timevar(tv) ci 
> reps(10)
----+--- 1 ---+--- 2 ---+--- 3 ---+--- 4 ---+--- 5 

. stdmestm S2b, reat(0.0) reatse(1.0) varmargname(birthyear>id) timevar(tv) ci 
> reps(10)
----+--- 1 ---+--- 2 ---+--- 3 ---+--- 4 ---+--- 5 

. assert S2a == S2b

. assert S2a_lower >= S2b_lower

. assert S2a_upper <= S2b_upper

. drop S2*

. 
. //
. stdmestm S3a, reat(0.0) reatse(0.0) varmargname(birthyear>id) timevar(tv)
----+--- 1 ---+--- 2 ---+--- 3 ---+--- 4 ---+--- 5 

. stdmestm S3b, reat(0.0) reatse(0.0) varmargname(birthyear>id) timevar(tv) nk(
> 15)
----+--- 1 ---+--- 2 ---+--- 3 ---+--- 4 ---+--- 5 

. stdmestm S3c, reat(0.0) reatse(0.0) varmargname(birthyear>id) timevar(tv) nk(
> 30)
----+--- 1 ---+--- 2 ---+--- 3 ---+--- 4 ---+--- 5 

. stdmestm S3d, reat(0.0) reatse(0.0) varmargname(birthyear>id) timevar(tv) nk(
> 100)
----+--- 1 ---+--- 2 ---+--- 3 ---+--- 4 ---+--- 5 

. mkmat S3a, matrix(mS3a) nomissing

. mkmat S3b, matrix(mS3b) nomissing

. mkmat S3c, matrix(mS3c) nomissing

. mkmat S3d, matrix(mS3d) nomissing

. assert mreldif(mS3a, mS3b) < 1e-04

. assert mreldif(mS3a, mS3c) < 1e-04

. assert mreldif(mS3a, mS3d) < 1e-04

. assert mreldif(mS3b, mS3c) < 1e-05

. assert mreldif(mS3b, mS3d) < 1e-05

. assert mreldif(mS3c, mS3d) < 1e-06

. drop S3*

. 
. //
. stdmestm S4a, reat(0.0) reatse(0.0) varmargname(birthyear>id) timevar(tv)
----+--- 1 ---+--- 2 ---+--- 3 ---+--- 4 ---+--- 5 

. stdmest  S4b, reat(0.0 0.0) reatse(0.0 0.0) timevar(tv)
----+--- 1 ---+--- 2 ---+--- 3 ---+--- 4 ---+--- 5 

. mkmat S4a, matrix(mS4a) nomissing

. mkmat S4b, matrix(mS4b) nomissing

. assert mreldif(mS4a, mS4b) != 0.0

. drop S4*

. 
. //
. set seed 3475

. stdmestm S5a, reat(0.0) reatse(1.0) varmargname(birthyear>id) timevar(tv) ci 
> reps(10)
----+--- 1 ---+--- 2 ---+--- 3 ---+--- 4 ---+--- 5 

. set seed 3475

. stdmestm S5b, reat(0.0) reatse(1.0) varmargname(birthyear>id) timevar(tv) ci 
> reps(100)
----+--- 1 ---+--- 2 ---+--- 3 ---+--- 4 ---+--- 5 

. assert S5a == S5b

. mkmat S5a_lower, matrix(mS5al) nomissing

. mkmat S5b_lower, matrix(mS5bl) nomissing

. assert mreldif(mS5al, mS5bl) != 0.0

. mkmat S5a_upper, matrix(mS5au) nomissing

. mkmat S5b_upper, matrix(mS5bu) nomissing

. assert mreldif(mS5au, mS5bu) != 0.0

. drop S5*

. 
end of do-file

. 
end of do-file
