
  ___  ____  ____  ____  ____ ®
 /__    /   ____/   /   ____/      StataNow 19.5
___/   /   /___/   /   /___/       MP—Parallel Edition

 Statistics and Data Science       Copyright 1985-2025 StataCorp LLC
                                   StataCorp
                                   4905 Lakeway Drive
                                   College Station, Texas 77845 USA
                                   800-782-8272        https://www.stata.com
                                   979-696-4600        service@stata.com

Stata license: 4-user 2-core network, expiring 12 Sep 2026
Serial number: 501909317505
  Licensed to: Alessandro Gasparini
               Red Door Analytics AB

Notes:
      1. Stata is running in batch mode.
      2. Unicode is supported; see help unicode_advice.
      3. More than 2 billion observations are allowed; see help obs_advice.
      4. Maximum number of variables is set to 5,000 but can be increased;
          see help set_maxvar.

. do "assert-uhtred2L.do" 

. //
. set linesize 255

. clear all

. // clear all is enough to 'refresh' in the same session
. // -stdmest-
. local drive = "~/Stata-dev"

. cd "`drive'/stdmest"
/Users/alessandro.gasparini/Stata-dev/stdmest

. adopath ++ "stdmest"
  [1]              "stdmest"
  [2]  (BASE)      "/Applications/StataNow/ado/base/"
  [3]  (SITE)      "/Applications/StataNow/ado/site/"
  [4]              "."
  [5]  (PERSONAL)  "/Users/alessandro.gasparini/Documents/Stata/ado/personal/"
  [6]  (PLUS)      "/Users/alessandro.gasparini/Library/Application Support/Stata/ado/plus/"
  [7]  (OLDPLACE)  "~/ado/"

. clear all

. do ./build/buildmlib.do

. clear all

. local drive = "~/Stata-dev"

. cd "`drive'/stdmest"
/Users/alessandro.gasparini/Stata-dev/stdmest

. clear all

. // Mata
. capture erase lstdmest.mlib

. quietly {

. 
end of do-file

. mata mata clear

. 
. // ---
. clear all

. // use catheter.dta
. webuse catheter
(Kidney data, McGilchrist and Aisbett, Biometrics, 1991)

. range tv 0 562 100
Number of observations (_N) was 76, now 100.

. 
. // -mestreg- model:
. quietly mestreg c.age i.female || patient:, distribution(weibull)

. stdmest Sm, reat(.7613212) reatse(.6750813) reatref(0.0) reatrefse(0.0) timevar(tv) contrast

. 
. // -uhtred- model:
. quietly uhtred (_t c.age i.female M1[patient]@1, family(rp, df(1) failure(_d)))

. stdmest Su, reat(.7613212) reatse(.6750813) reatref(0.0) reatrefse(0.0) timevar(tv) contrast

. 
. // ---
. assert reldif(Sm, Su) <= 1e-6

. assert reldif(Sm_ref, Su_ref) <= 1e-6

. assert reldif(Sm_diff, Su_diff) <= 1e-6

. 
end of do-file
