
  ___  ____  ____  ____  ____ ®
 /__    /   ____/   /   ____/      18.0
___/   /   /___/   /   /___/       MP—Parallel Edition

 Statistics and Data Science       Copyright 1985-2023 StataCorp LLC
                                   StataCorp
                                   4905 Lakeway Drive
                                   College Station, Texas 77845 USA
                                   800-STATA-PC        https://www.stata.com
                                   979-696-4600        stata@stata.com

Stata license: 3-user 2-core network, expiring 12 Sep 2024
Serial number: 501809300405
  Licensed to: Alessandro Gasparini
               Red Door Analytics AB

Notes:
      1. Stata is running in batch mode.
      2. Unicode is supported; see help unicode_advice.
      3. More than 2 billion observations are allowed; see help obs_advice.
      4. Maximum number of variables is set to 5,000 but can be increased;
          see help set_maxvar.

. do "assert-stdmestm.do" 

. clear all

. cd "~/Stata-dev/stdmest"
/Users/ellessenne/Stata-dev/stdmest

. adopath ++ "stdmestm"
  [1]              "stdmestm"
  [2]  (BASE)      "/Applications/Stata/ado/base/"
  [3]  (SITE)      "/Applications/Stata/ado/site/"
  [4]              "."
  [5]  (PERSONAL)  "/Users/ellessenne/Documents/Stata/ado/personal/"
  [6]  (PLUS)      "/Users/ellessenne/Library/Application Support/Stata/ado/plu
> s/"
  [7]  (OLDPLACE)  "~/ado/"

. clear all

. 
. //
. webuse jobhistory
(Job history data, Event History Analysis with Stata, Blossfeld et al. 2007)

. gen tt = tend - tstart

. stset tt, fail(failure)

Survival-time data settings

         Failure event: failure!=0 & failure<.
Observed time interval: (0, tt]
     Exit on or before: failure

--------------------------------------------------------------------------
        600  total observations
          0  exclusions
--------------------------------------------------------------------------
        600  observations remaining, representing
        458  failures in single-record/single-failure data
     40,782  total analysis time at risk and under observation
                                                At risk from t =         0
                                     Earliest observed entry t =         0
                                          Last observed exit t =       428

. range tv 0 365 10
(590 missing values generated)

. 
. //
. quietly mestreg education njobs prestige i.female || birthyear: || id:, distr
> ibution(exponential) time

. capture stdmestm S0, reat(0.0) reatse(0.0) varmargname(birthyear>id)

. assert _rc > 0 

. quietly mestreg education njobs prestige i.female || birthyear: || id:, distr
> ibution(weibull) time

. capture stdmestm S0, reat(0.0) reatse(0.0) varmargname(birthyear>id)

. assert _rc > 0 

. quietly mestreg education njobs prestige i.female || birthyear: || id:, distr
> ibution(loglogistic)

. capture stdmestm S0, reat(0.0) reatse(0.0) varmargname(birthyear>id)

. assert _rc > 0 

. quietly mestreg education njobs prestige i.female || birthyear: || id:, distr
> ibution(lognormal)

. capture stdmestm S0, reat(0.0) reatse(0.0) varmargname(birthyear>id)

. assert _rc > 0 

. matrix eb = e(b)

. quietly mestreg education njobs prestige i.female || birthyear: || id:, distr
> ibution(gamma) from(eb)

. capture stdmestm S0, reat(0.0) reatse(0.0) varmargname(birthyear>id)

. assert _rc > 0 

. quietly mestreg education njobs prestige i.female || birthyear: || id:, distr
> ibution(exponential)

. capture stdmestm S0, reat(0.0 0.0) reatse(0.0 0.0) varmargname(birthyear>id)

. assert _rc > 0 

. 
. //
. quietly mestreg education njobs prestige i.female || birthyear: || id:, distr
> ibution(exponential)

. stdmestm S1a, reat(-1.0) reatse(0.0) varmargname(birthyear>id) timevar(tv)

. stdmestm S1b, reat( 0.0) reatse(0.0) varmargname(birthyear>id) timevar(tv)

. stdmestm S1c, reat(+1.0) reatse(0.0) varmargname(birthyear>id) timevar(tv)

. assert S1a >= S1b

. assert S1a >= S1c

. assert S1b >= S1c

. drop S1*

. 
. //
. stdmestm S2a, reat(0.0) reatse(0.0) varmargname(birthyear>id) timevar(tv) ci 
> reps(10)
Calculating CIs...

CIs calculated using the percentile method.

. stdmestm S2b, reat(0.0) reatse(1.0) varmargname(birthyear>id) timevar(tv) ci 
> reps(10)
Calculating CIs...

CIs calculated using the percentile method.

. assert S2a == S2b

. assert S2a_lower >= S2b_lower

. assert S2a_upper <= S2b_upper

. drop S2*

. 
. //
. stdmestm S3a, reat(0.0) reatse(0.0) varmargname(birthyear>id) timevar(tv)

. stdmestm S3b, reat(0.0) reatse(0.0) varmargname(birthyear>id) timevar(tv) nk(
> 15)

. stdmestm S3c, reat(0.0) reatse(0.0) varmargname(birthyear>id) timevar(tv) nk(
> 30)

. stdmestm S3d, reat(0.0) reatse(0.0) varmargname(birthyear>id) timevar(tv) nk(
> 100)

. mkmat S3a, matrix(mS3a) nomissing

. mkmat S3b, matrix(mS3b) nomissing

. mkmat S3c, matrix(mS3c) nomissing

. mkmat S3d, matrix(mS3d) nomissing

. assert mreldif(mS3a, mS3b) < 1e-04

. assert mreldif(mS3a, mS3c) < 1e-04

. assert mreldif(mS3a, mS3d) < 1e-04

. assert mreldif(mS3b, mS3c) < 1e-05

. assert mreldif(mS3b, mS3d) < 1e-05

. assert mreldif(mS3c, mS3d) < 1e-06

. drop S3*

. 
end of do-file
