
  ___  ____  ____  ____  ____ ®
 /__    /   ____/   /   ____/      StataNow 19.5
___/   /   /___/   /   /___/       MP—Parallel Edition

 Statistics and Data Science       Copyright 1985-2025 StataCorp LLC
                                   StataCorp
                                   4905 Lakeway Drive
                                   College Station, Texas 77845 USA
                                   800-782-8272        https://www.stata.com
                                   979-696-4600        service@stata.com

Stata license: 4-user 2-core network, expiring 12 Sep 2026
Serial number: 501909317505
  Licensed to: Alessandro Gasparini
               Red Door Analytics AB

Notes:
      1. Stata is running in batch mode.
      2. Unicode is supported; see help unicode_advice.
      3. More than 2 billion observations are allowed; see help obs_advice.
      4. Maximum number of variables is set to 5,000 but can be increased;
          see help set_maxvar.

. do "assert-namelength.do" 

. //
. set linesize 255

. clear all

. // clear all is enough to 'refresh' in the same session
. // -stdmest-
. local drive = "~/Stata-dev"

. cd "`drive'/stdmest"
/Users/alessandro.gasparini/Stata-dev/stdmest

. adopath ++ "stdmest"
  [1]              "stdmest"
  [2]  (BASE)      "/Applications/StataNow/ado/base/"
  [3]  (SITE)      "/Applications/StataNow/ado/site/"
  [4]              "."
  [5]  (PERSONAL)  "/Users/alessandro.gasparini/Documents/Stata/ado/personal/"
  [6]  (PLUS)      "/Users/alessandro.gasparini/Library/Application Support/Stata/ado/plus/"
  [7]  (OLDPLACE)  "~/ado/"

. adopath ++ "stdmestm"
  [1]              "stdmestm"
  [2]              "stdmest"
  [3]  (BASE)      "/Applications/StataNow/ado/base/"
  [4]  (SITE)      "/Applications/StataNow/ado/site/"
  [5]              "."
  [6]  (PERSONAL)  "/Users/alessandro.gasparini/Documents/Stata/ado/personal/"
  [7]  (PLUS)      "/Users/alessandro.gasparini/Library/Application Support/Stata/ado/plus/"
  [8]  (OLDPLACE)  "~/ado/"

. clear all

. do ./build/buildmlib.do

. clear all

. local drive = "~/Stata-dev"

. cd "`drive'/stdmest"
/Users/alessandro.gasparini/Stata-dev/stdmest

. clear all

. // Mata
. capture erase lstdmest.mlib

. quietly {

. 
end of do-file

. mata mata clear

. 
. //
. clear

. webuse catheter
(Kidney data, McGilchrist and Aisbett, Biometrics, 1991)

. 
. //
. quietly mestreg age female || patient:, distribution(exponential) time

. rcof "stdmest this_name_is_very_very_very_very_very_very_very_very_long, reat(0.0) reatse(0.0) reatref(0.0) reatrefse(0.0) contrast" == 198

. 
. //
. webuse jobhistory
(Job history data, Event History Analysis with Stata, Blossfeld et al. 2007)

. gen tt = tend - tstart

. stset tt, fail(failure)

Survival-time data settings

         Failure event: failure!=0 & failure<.
Observed time interval: (0, tt]
     Exit on or before: failure

--------------------------------------------------------------------------
        600  total observations
          0  exclusions
--------------------------------------------------------------------------
        600  observations remaining, representing
        458  failures in single-record/single-failure data
     40,782  total analysis time at risk and under observation
                                                At risk from t =         0
                                     Earliest observed entry t =         0
                                          Last observed exit t =       428

. 
. //
. gen tv = runiform(0, 365)

. replace tv = . if _n > 10
(590 real changes made, 590 to missing)

. quietly mestreg education njobs prestige i.female || birthyear: || id:, distribution(exponential)

. rcof "stdmestm this_name_is_also_very_very_very_very_very_very_very_very_long, reat(-1.0) reatse(0.0) varmarg(.507621) timevar(tv)" == 198

. 
end of do-file
