
  ___  ____  ____  ____  ____ ®
 /__    /   ____/   /   ____/      18.0
___/   /   /___/   /   /___/       MP—Parallel Edition

 Statistics and Data Science       Copyright 1985-2023 StataCorp LLC
                                   StataCorp
                                   4905 Lakeway Drive
                                   College Station, Texas 77845 USA
                                   800-STATA-PC        https://www.stata.com
                                   979-696-4600        stata@stata.com

Stata license: 3-user 2-core network, expiring 12 Sep 2024
Serial number: 501809300405
  Licensed to: Alessandro Gasparini
               Red Door Analytics AB

Notes:
      1. Stata is running in batch mode.
      2. Unicode is supported; see help unicode_advice.
      3. More than 2 billion observations are allowed; see help obs_advice.
      4. Maximum number of variables is set to 5,000 but can be increased;
          see help set_maxvar.

. do "assert-mestreg_export.do" 

. clear all

. cd "~/Stata-dev/stdmest"
/Users/ellessenne/Stata-dev/stdmest

. adopath ++ "mestreg_export"
  [1]              "mestreg_export"
  [2]  (BASE)      "/Applications/Stata/ado/base/"
  [3]  (SITE)      "/Applications/Stata/ado/site/"
  [4]              "."
  [5]  (PERSONAL)  "/Users/ellessenne/Documents/Stata/ado/personal/"
  [6]  (PLUS)      "/Users/ellessenne/Library/Application Support/Stata/ado/plu
> s/"
  [7]  (OLDPLACE)  "~/ado/"

. clear all

. do ./build/buildmlib.do

. capture erase lstdmest.mlib

. quietly {

. 
end of do-file

. mata mata clear

. 
. //
. rcof "mestreg_export, filename(test.xlsx)" == 301

. 
. //
. clear all

. webuse catheter
(Kidney data, McGilchrist and Aisbett, Biometrics, 1991)

. quietly mestreg age female || patient:, distribution(exponential)

. 
. // 
. mestreg_export, filename("test.xlsx")
file test.xlsx saved
file test.xlsx saved

. assert fileexists("test.xlsx") == 1

. 
. //
. rcof "mestreg_export, filename(test.xlsx)" == 602

. 
. //
. mestreg_export, filename("test.xlsx") replace
file test.xlsx saved
file test.xlsx saved

. rcof "mestreg_export, filename(test.xlsx) replace" == 0

. 
. //
. rm "test.xlsx"

. 
end of do-file
