
  ___  ____  ____  ____  ____ ®
 /__    /   ____/   /   ____/      StataNow 19.5
___/   /   /___/   /   /___/       MP—Parallel Edition

 Statistics and Data Science       Copyright 1985-2025 StataCorp LLC
                                   StataCorp
                                   4905 Lakeway Drive
                                   College Station, Texas 77845 USA
                                   800-782-8272        https://www.stata.com
                                   979-696-4600        service@stata.com

Stata license: 4-user 2-core network, expiring 12 Sep 2026
Serial number: 501909317505
  Licensed to: Alessandro Gasparini
               Red Door Analytics AB

Notes:
      1. Stata is running in batch mode.
      2. Unicode is supported; see help unicode_advice.
      3. More than 2 billion observations are allowed; see help obs_advice.
      4. Maximum number of variables is set to 5,000 but can be increased;
          see help set_maxvar.

. do "buildmlib.do" 

. clear all

. // -uhtred-
. cd "~/Stata-dev/uhtred"
/Users/alessandro.gasparini/Stata-dev/uhtred

. adopath ++ "~/Stata-dev/uhtred"
  [1]              "~/Stata-dev/uhtred"
  [2]  (BASE)      "/Applications/StataNow/ado/base/"
  [3]  (SITE)      "/Applications/StataNow/ado/site/"
  [4]              "."
  [5]  (PERSONAL)  "/Users/alessandro.gasparini/Documents/Stata/ado/personal/"
  [6]  (PLUS)      "/Users/alessandro.gasparini/Library/Application Support/Sta
> ta/ado/plus/"
  [7]  (OLDPLACE)  "~/ado/"

. clear all

. adopath ++ "~/Stata-dev/uhtred/uhtred"
  [1]              "~/Stata-dev/uhtred/uhtred"
  [2]              "~/Stata-dev/uhtred"
  [3]  (BASE)      "/Applications/StataNow/ado/base/"
  [4]  (SITE)      "/Applications/StataNow/ado/site/"
  [5]              "."
  [6]  (PERSONAL)  "/Users/alessandro.gasparini/Documents/Stata/ado/personal/"
  [7]  (PLUS)      "/Users/alessandro.gasparini/Library/Application Support/Sta
> ta/ado/plus/"
  [8]  (OLDPLACE)  "~/ado/"

. clear all

. do ./build/buildmlib.do

. version 17

. 
. capture erase luhtred.mlib

. mata: mata set matastrict off

. qui {

. 
end of do-file

. mata mata clear

. // -stdmest-
. cd "~/Stata-dev/stdmest"
/Users/alessandro.gasparini/Stata-dev/stdmest

. adopath ++ "stdmest"
  [1]              "stdmest"
  [2]              "~/Stata-dev/uhtred/uhtred"
  [3]              "~/Stata-dev/uhtred"
  [4]  (BASE)      "/Applications/StataNow/ado/base/"
  [5]  (SITE)      "/Applications/StataNow/ado/site/"
  [6]              "."
  [7]  (PERSONAL)  "/Users/alessandro.gasparini/Documents/Stata/ado/personal/"
  [8]  (PLUS)      "/Users/alessandro.gasparini/Library/Application Support/Sta
> ta/ado/plus/"
  [9]  (OLDPLACE)  "~/ado/"

. adopath ++ "stdmestm"
  [1]              "stdmestm"
  [2]              "stdmest"
  [3]              "~/Stata-dev/uhtred/uhtred"
  [4]              "~/Stata-dev/uhtred"
  [5]  (BASE)      "/Applications/StataNow/ado/base/"
  [6]  (SITE)      "/Applications/StataNow/ado/site/"
  [7]              "."
  [8]  (PERSONAL)  "/Users/alessandro.gasparini/Documents/Stata/ado/personal/"
  [9]  (PLUS)      "/Users/alessandro.gasparini/Library/Application Support/Sta
> ta/ado/plus/"
  [10] (OLDPLACE)  "~/ado/"

. clear all

. // Mata
. capture erase lstdmest.mlib

. quietly {

. 
end of do-file
